<?xml version="1.0" encoding="UTF-8" ?>
<testsuite skipped="0" tests="82" failures="0" errors="0" name="org.ebayopensource.turmeric.services.monitoringservice.junit.TestGetMetricsData" time="9.453">
  <properties>
[...]
</properties>
  <testcase classname="org.ebayopensource.turmeric.services.monitoringservice.junit.TestGetMetricsData" name="testrequest1" time="1.829"/>
  <testcase classname="org.ebayopensource.turmeric.services.monitoringservice.junit.TestGetMetricsData" name="testrequest10" time="0.11"/>
  <testcase classname="org.ebayopensource.turmeric.services.monitoringservice.junit.TestGetMetricsData" name="testrequest11" time="0.093"/>
  <testcase classname="org.ebayopensource.turmeric.services.monitoringservice.junit.TestGetMetricsData" name="testrequest12" time="0.094"/>
  <testcase classname="org.ebayopensource.turmeric.services.monitoringservice.junit.TestGetMetricsData" name="testrequest13" time="0.093"/>
  <testcase classname="org.ebayopensource.turmeric.services.monitoringservice.junit.TestGetMetricsData" name="testrequest14" time="0.094"/>
  <testcase classname="org.ebayopensource.turmeric.services.monitoringservice.junit.TestGetMetricsData" name="testrequest15" time="0.094"/>
  <testcase classname="org.ebayopensource.turmeric.services.monitoringservice.junit.TestGetMetricsData" name="testrequest16" time="0.093"/>
  <testcase classname="org.ebayopensource.turmeric.services.monitoringservice.junit.TestGetMetricsData" name="testrequest17" time="0.094"/>
  <testcase classname="org.ebayopensource.turmeric.services.monitoringservice.junit.TestGetMetricsData" name="testrequest18" time="0.078"/>
  <testcase classname="org.ebayopensource.turmeric.services.monitoringservice.junit.TestGetMetricsData" name="testrequest19" time="0.078"/>
  <testcase classname="org.ebayopensource.turmeric.services.monitoringservice.junit.TestGetMetricsData" name="testrequest2" time="0.094"/>
  <testcase classname="org.ebayopensource.turmeric.services.monitoringservice.junit.TestGetMetricsData" name="testrequest20" time="0.094"/>
  <testcase classname="org.ebayopensource.turmeric.services.monitoringservice.junit.TestGetMetricsData" name="testrequest21" time="0.078"/>
  <testcase classname="org.ebayopensource.turmeric.services.monitoringservice.junit.TestGetMetricsData" name="testrequest22" time="0.203"/>
  <testcase classname="org.ebayopensource.turmeric.services.monitoringservice.junit.TestGetMetricsData" name="testrequest23" time="0.266"/>
  <testcase classname="org.ebayopensource.turmeric.services.monitoringservice.junit.TestGetMetricsData" name="testrequest24" time="0.109"/>
  <testcase classname="org.ebayopensource.turmeric.services.monitoringservice.junit.TestGetMetricsData" name="testrequest25" time="0.063"/>
  <testcase classname="org.ebayopensource.turmeric.services.monitoringservice.junit.TestGetMetricsData" name="testrequest26" time="0.109"/>
  <testcase classname="org.ebayopensource.turmeric.services.monitoringservice.junit.TestGetMetricsData" name="testrequest27" time="0.078"/>
  <testcase classname="org.ebayopensource.turmeric.services.monitoringservice.junit.TestGetMetricsData" name="testrequest28" time="0.094"/>
  <testcase classname="org.ebayopensource.turmeric.services.monitoringservice.junit.TestGetMetricsData" name="testrequest29" time="0.062"/>
  <testcase classname="org.ebayopensource.turmeric.services.monitoringservice.junit.TestGetMetricsData" name="testrequest3" time="0.078"/>
  <testcase classname="org.ebayopensource.turmeric.services.monitoringservice.junit.TestGetMetricsData" name="testrequest30" time="0.094"/>
  <testcase classname="org.ebayopensource.turmeric.services.monitoringservice.junit.TestGetMetricsData" name="testrequest31" time="0.078"/>
  <testcase classname="org.ebayopensource.turmeric.services.monitoringservice.junit.TestGetMetricsData" name="testrequest32" time="0.078"/>
  <testcase classname="org.ebayopensource.turmeric.services.monitoringservice.junit.TestGetMetricsData" name="testrequest33" time="0.094"/>
  <testcase classname="org.ebayopensource.turmeric.services.monitoringservice.junit.TestGetMetricsData" name="testrequest34" time="0.094"/>
  <testcase classname="org.ebayopensource.turmeric.services.monitoringservice.junit.TestGetMetricsData" name="testrequest35" time="0.078"/>
  <testcase classname="org.ebayopensource.turmeric.services.monitoringservice.junit.TestGetMetricsData" name="testrequest36" time="0.078"/>
  <testcase classname="org.ebayopensource.turmeric.services.monitoringservice.junit.TestGetMetricsData" name="testrequest37" time="0.078"/>
  <testcase classname="org.ebayopensource.turmeric.services.monitoringservice.junit.TestGetMetricsData" name="testrequest38" time="0.062"/>
  <testcase classname="org.ebayopensource.turmeric.services.monitoringservice.junit.TestGetMetricsData" name="testrequest39" time="0.094"/>
  <testcase classname="org.ebayopensource.turmeric.services.monitoringservice.junit.TestGetMetricsData" name="testrequest4" time="0.094"/>
  <testcase classname="org.ebayopensource.turmeric.services.monitoringservice.junit.TestGetMetricsData" name="testrequest40" time="0.094"/>
  <testcase classname="org.ebayopensource.turmeric.services.monitoringservice.junit.TestGetMetricsData" name="testrequest41" time="0.093"/>
  <testcase classname="org.ebayopensource.turmeric.services.monitoringservice.junit.TestGetMetricsData" name="testrequest42" time="0.125"/>
  <testcase classname="org.ebayopensource.turmeric.services.monitoringservice.junit.TestGetMetricsData" name="testrequest43" time="0.11"/>
  <testcase classname="org.ebayopensource.turmeric.services.monitoringservice.junit.TestGetMetricsData" name="testrequest44" time="0.109"/>
  <testcase classname="org.ebayopensource.turmeric.services.monitoringservice.junit.TestGetMetricsData" name="testrequest45" time="0.109"/>
  <testcase classname="org.ebayopensource.turmeric.services.monitoringservice.junit.TestGetMetricsData" name="testrequest46" time="0.141"/>
  <testcase classname="org.ebayopensource.turmeric.services.monitoringservice.junit.TestGetMetricsData" name="testrequest47" time="0.172"/>
  <testcase classname="org.ebayopensource.turmeric.services.monitoringservice.junit.TestGetMetricsData" name="testrequest48" time="0.109"/>
  <testcase classname="org.ebayopensource.turmeric.services.monitoringservice.junit.TestGetMetricsData" name="testrequest49" time="0.11"/>
  <testcase classname="org.ebayopensource.turmeric.services.monitoringservice.junit.TestGetMetricsData" name="testrequest5" time="0.063"/>
  <testcase classname="org.ebayopensource.turmeric.services.monitoringservice.junit.TestGetMetricsData" name="testrequest50" time="0.078"/>
  <testcase classname="org.ebayopensource.turmeric.services.monitoringservice.junit.TestGetMetricsData" name="testrequest51" time="0.078"/>
  <testcase classname="org.ebayopensource.turmeric.services.monitoringservice.junit.TestGetMetricsData" name="testrequest52" time="0.063"/>
  <testcase classname="org.ebayopensource.turmeric.services.monitoringservice.junit.TestGetMetricsData" name="testrequest53" time="0.078"/>
  <testcase classname="org.ebayopensource.turmeric.services.monitoringservice.junit.TestGetMetricsData" name="testrequest54" time="0.078"/>
  <testcase classname="org.ebayopensource.turmeric.services.monitoringservice.junit.TestGetMetricsData" name="testrequest55" time="0.062"/>
  <testcase classname="org.ebayopensource.turmeric.services.monitoringservice.junit.TestGetMetricsData" name="testrequest56" time="0.078"/>
  <testcase classname="org.ebayopensource.turmeric.services.monitoringservice.junit.TestGetMetricsData" name="testrequest57" time="0.079"/>
  <testcase classname="org.ebayopensource.turmeric.services.monitoringservice.junit.TestGetMetricsData" name="testrequest58" time="0.062"/>
  <testcase classname="org.ebayopensource.turmeric.services.monitoringservice.junit.TestGetMetricsData" name="testrequest59" time="0.109"/>
  <testcase classname="org.ebayopensource.turmeric.services.monitoringservice.junit.TestGetMetricsData" name="testrequest6" time="0.079"/>
  <testcase classname="org.ebayopensource.turmeric.services.monitoringservice.junit.TestGetMetricsData" name="testrequest60" time="0.062"/>
  <testcase classname="org.ebayopensource.turmeric.services.monitoringservice.junit.TestGetMetricsData" name="testrequest61" time="0.078"/>
  <testcase classname="org.ebayopensource.turmeric.services.monitoringservice.junit.TestGetMetricsData" name="testrequest62" time="0.078"/>
  <testcase classname="org.ebayopensource.turmeric.services.monitoringservice.junit.TestGetMetricsData" name="testrequest63" time="0.094"/>
  <testcase classname="org.ebayopensource.turmeric.services.monitoringservice.junit.TestGetMetricsData" name="testrequest64" time="0.094"/>
  <testcase classname="org.ebayopensource.turmeric.services.monitoringservice.junit.TestGetMetricsData" name="testrequest65" time="0.109"/>
  <testcase classname="org.ebayopensource.turmeric.services.monitoringservice.junit.TestGetMetricsData" name="testrequest66" time="0.094"/>
  <testcase classname="org.ebayopensource.turmeric.services.monitoringservice.junit.TestGetMetricsData" name="testrequest67" time="0.078"/>
  <testcase classname="org.ebayopensource.turmeric.services.monitoringservice.junit.TestGetMetricsData" name="testrequest68" time="0.094"/>
  <testcase classname="org.ebayopensource.turmeric.services.monitoringservice.junit.TestGetMetricsData" name="testrequest69" time="0.078"/>
  <testcase classname="org.ebayopensource.turmeric.services.monitoringservice.junit.TestGetMetricsData" name="testrequest7" time="0.094"/>
  <testcase classname="org.ebayopensource.turmeric.services.monitoringservice.junit.TestGetMetricsData" name="testrequest70" time="0.093"/>
  <testcase classname="org.ebayopensource.turmeric.services.monitoringservice.junit.TestGetMetricsData" name="testrequest71" time="0.079"/>
  <testcase classname="org.ebayopensource.turmeric.services.monitoringservice.junit.TestGetMetricsData" name="testrequest72" time="0.078"/>
  <testcase classname="org.ebayopensource.turmeric.services.monitoringservice.junit.TestGetMetricsData" name="testrequest73" time="0.109"/>
  <testcase classname="org.ebayopensource.turmeric.services.monitoringservice.junit.TestGetMetricsData" name="testrequest74" time="0.078"/>
  <testcase classname="org.ebayopensource.turmeric.services.monitoringservice.junit.TestGetMetricsData" name="testrequest75" time="0.063"/>
  <testcase classname="org.ebayopensource.turmeric.services.monitoringservice.junit.TestGetMetricsData" name="testrequest76" time="0.078"/>
  <testcase classname="org.ebayopensource.turmeric.services.monitoringservice.junit.TestGetMetricsData" name="testrequest77" time="0.062"/>
  <testcase classname="org.ebayopensource.turmeric.services.monitoringservice.junit.TestGetMetricsData" name="testrequest78" time="0.078"/>
  <testcase classname="org.ebayopensource.turmeric.services.monitoringservice.junit.TestGetMetricsData" name="testrequest79" time="0.079"/>
  <testcase classname="org.ebayopensource.turmeric.services.monitoringservice.junit.TestGetMetricsData" name="testrequest8" time="0.078"/>
  <testcase classname="org.ebayopensource.turmeric.services.monitoringservice.junit.TestGetMetricsData" name="testrequest80" time="0.062"/>
  <testcase classname="org.ebayopensource.turmeric.services.monitoringservice.junit.TestGetMetricsData" name="testrequest81" time="0.078"/>
  <testcase classname="org.ebayopensource.turmeric.services.monitoringservice.junit.TestGetMetricsData" name="testrequest82" time="0.11"/>
  <testcase classname="org.ebayopensource.turmeric.services.monitoringservice.junit.TestGetMetricsData" name="testrequest9" time="0.125"/>
</testsuite>